# JRE version: OpenJDK Runtime Environment Temurin-21.0.8+9 (21.0.8+9) (build 21.0.8+9-LTS)
# Java VM: OpenJDK 64-Bit Server VM Temurin-21.0.8+9 (21.0.8+9-LTS, mixed mode, sharing, tiered, compressed oops, compressed class ptrs, parallel gc, windows-amd64)
GC Precious Log:
 CardTable entry size: 512
 CPUs: 6 total, 6 available
 Memory: 7549M
 Large Page Support: Disabled
 NUMA Support: Disabled
 Compressed Oops: Enabled (32-bit)
 Alignments: Space 512K, Generation 512K, Heap 2M
 Heap Min Capacity: 100M
 Heap Initial Capacity: 100M
 Heap Max Capacity: 2G
 Pre-touch: Disabled
 Parallel Workers: 6
Heap:
 PSYoungGen      total 13824K, used 9052K [0x00000000d5580000, 0x00000000d6400000, 0x0000000100000000)
  eden space 13312K, 65% used [0x00000000d5580000,0x00000000d5e03230,0x00000000d6280000)
  from space 512K, 65% used [0x00000000d6380000,0x00000000d63d4010,0x00000000d6400000)
  to   space 512K, 0% used [0x00000000d6300000,0x00000000d6300000,0x00000000d6380000)
 ParOldGen       total 238080K, used 238005K [0x0000000080000000, 0x000000008e880000, 0x00000000d5580000)
  object space 238080K, 99% used [0x0000000080000000,0x000000008e86d678,0x000000008e880000)
 Metaspace       used 88516K, committed 90368K, reserved 1179648K
  class space    used 10403K, committed 11264K, reserved 1048576K
GC Heap History (20 events):
Event: 115.259 GC heap before
{Heap before GC invocations=208 (full 3):
 PSYoungGen      total 14848K, used 14772K [0x00000000d5580000, 0x00000000d6580000, 0x0000000100000000)
  eden space 13312K, 100% used [0x00000000d5580000,0x00000000d6280000,0x00000000d6280000)
  from space 1536K, 95% used [0x00000000d6400000,0x00000000d656d220,0x00000000d6580000)
  to   space 1536K, 0% used [0x00000000d6280000,0x00000000d6280000,0x00000000d6400000)
 ParOldGen       total 229888K, used 229858K [0x0000000080000000, 0x000000008e080000, 0x00000000d5580000)
  object space 229888K, 99% used [0x0000000080000000,0x000000008e0789c8,0x000000008e080000)
 Metaspace       used 84586K, committed 86400K, reserved 1179648K
  class space    used 9918K, committed 10752K, reserved 1048576K
}
Event: 115.262 GC heap after
{Heap after GC invocations=208 (full 3):
 PSYoungGen      total 14848K, used 1337K [0x00000000d5580000, 0x00000000d6580000, 0x0000000100000000)
  eden space 13312K, 0% used [0x00000000d5580000,0x00000000d5580000,0x00000000d6280000)
  from space 1536K, 87% used [0x00000000d6280000,0x00000000d63ce410,0x00000000d6400000)
  to   space 1536K, 0% used [0x00000000d6400000,0x00000000d6400000,0x00000000d6580000)
 ParOldGen       total 231424K, used 231172K [0x0000000080000000, 0x000000008e200000, 0x00000000d5580000)
  object space 231424K, 99% used [0x0000000080000000,0x000000008e1c1318,0x000000008e200000)
 Metaspace       used 84586K, committed 86400K, reserved 1179648K
  class space    used 9918K, committed 10752K, reserved 1048576K
}
Event: 115.292 GC heap before
{Heap before GC invocations=209 (full 3):
 PSYoungGen      total 14848K, used 14649K [0x00000000d5580000, 0x00000000d6580000, 0x0000000100000000)
  eden space 13312K, 100% used [0x00000000d5580000,0x00000000d6280000,0x00000000d6280000)
  from space 1536K, 87% used [0x00000000d6280000,0x00000000d63ce410,0x00000000d6400000)
  to   space 1536K, 0% used [0x00000000d6400000,0x00000000d6400000,0x00000000d6580000)
 ParOldGen       total 231424K, used 231172K [0x0000000080000000, 0x000000008e200000, 0x00000000d5580000)
  object space 231424K, 99% used [0x0000000080000000,0x000000008e1c1318,0x000000008e200000)
 Metaspace       used 84596K, committed 86400K, reserved 1179648K
  class space    used 9918K, committed 10752K, reserved 1048576K
}
Event: 115.294 GC heap after
{Heap after GC invocations=209 (full 3):
 PSYoungGen      total 14336K, used 644K [0x00000000d5580000, 0x00000000d6500000, 0x0000000100000000)
  eden space 13312K, 0% used [0x00000000d5580000,0x00000000d5580000,0x00000000d6280000)
  from space 1024K, 62% used [0x00000000d6400000,0x00000000d64a1210,0x00000000d6500000)
  to   space 1024K, 0% used [0x00000000d6300000,0x00000000d6300000,0x00000000d6400000)
 ParOldGen       total 232448K, used 232022K [0x0000000080000000, 0x000000008e300000, 0x00000000d5580000)
  object space 232448K, 99% used [0x0000000080000000,0x000000008e295b20,0x000000008e300000)
 Metaspace       used 84596K, committed 86400K, reserved 1179648K
  class space    used 9918K, committed 10752K, reserved 1048576K
}
Event: 115.365 GC heap before
{Heap before GC invocations=210 (full 3):
 PSYoungGen      total 14336K, used 13956K [0x00000000d5580000, 0x00000000d6500000, 0x0000000100000000)
  eden space 13312K, 100% used [0x00000000d5580000,0x00000000d6280000,0x00000000d6280000)
  from space 1024K, 62% used [0x00000000d6400000,0x00000000d64a1210,0x00000000d6500000)
  to   space 1024K, 0% used [0x00000000d6300000,0x00000000d6300000,0x00000000d6400000)
 ParOldGen       total 232448K, used 232022K [0x0000000080000000, 0x000000008e300000, 0x00000000d5580000)
  object space 232448K, 99% used [0x0000000080000000,0x000000008e295b20,0x000000008e300000)
 Metaspace       used 84649K, committed 86464K, reserved 1179648K
  class space    used 9918K, committed 10752K, reserved 1048576K
}
Event: 115.367 GC heap after
{Heap after GC invocations=210 (full 3):
 PSYoungGen      total 14336K, used 992K [0x00000000d5580000, 0x00000000d6680000, 0x0000000100000000)
  eden space 13312K, 0% used [0x00000000d5580000,0x00000000d5580000,0x00000000d6280000)
  from space 1024K, 96% used [0x00000000d6300000,0x00000000d63f8020,0x00000000d6400000)
  to   space 2048K, 0% used [0x00000000d6480000,0x00000000d6480000,0x00000000d6680000)
 ParOldGen       total 232960K, used 232599K [0x0000000080000000, 0x000000008e380000, 0x00000000d5580000)
  object space 232960K, 99% used [0x0000000080000000,0x000000008e325ec8,0x000000008e380000)
 Metaspace       used 84649K, committed 86464K, reserved 1179648K
  class space    used 9918K, committed 10752K, reserved 1048576K
}
Event: 116.774 GC heap before
{Heap before GC invocations=211 (full 3):
 PSYoungGen      total 14336K, used 14304K [0x00000000d5580000, 0x00000000d6680000, 0x0000000100000000)
  eden space 13312K, 100% used [0x00000000d5580000,0x00000000d6280000,0x00000000d6280000)
  from space 1024K, 96% used [0x00000000d6300000,0x00000000d63f8020,0x00000000d6400000)
  to   space 2048K, 0% used [0x00000000d6480000,0x00000000d6480000,0x00000000d6680000)
 ParOldGen       total 232960K, used 232599K [0x0000000080000000, 0x000000008e380000, 0x00000000d5580000)
  object space 232960K, 99% used [0x0000000080000000,0x000000008e325ec8,0x000000008e380000)
 Metaspace       used 84813K, committed 86656K, reserved 1179648K
  class space    used 9924K, committed 10752K, reserved 1048576K
}
Event: 116.778 GC heap after
{Heap after GC invocations=211 (full 3):
 PSYoungGen      total 15360K, used 1700K [0x00000000d5580000, 0x00000000d6680000, 0x0000000100000000)
  eden space 13312K, 0% used [0x00000000d5580000,0x00000000d5580000,0x00000000d6280000)
  from space 2048K, 83% used [0x00000000d6480000,0x00000000d6629210,0x00000000d6680000)
  to   space 2048K, 0% used [0x00000000d6280000,0x00000000d6280000,0x00000000d6480000)
 ParOldGen       total 233984K, used 233567K [0x0000000080000000, 0x000000008e480000, 0x00000000d5580000)
  object space 233984K, 99% used [0x0000000080000000,0x000000008e417f78,0x000000008e480000)
 Metaspace       used 84813K, committed 86656K, reserved 1179648K
  class space    used 9924K, committed 10752K, reserved 1048576K
}
Event: 116.877 GC heap before
{Heap before GC invocations=212 (full 3):
 PSYoungGen      total 15360K, used 15012K [0x00000000d5580000, 0x00000000d6680000, 0x0000000100000000)
  eden space 13312K, 100% used [0x00000000d5580000,0x00000000d6280000,0x00000000d6280000)
  from space 2048K, 83% used [0x00000000d6480000,0x00000000d6629210,0x00000000d6680000)
  to   space 2048K, 0% used [0x00000000d6280000,0x00000000d6280000,0x00000000d6480000)
 ParOldGen       total 233984K, used 233567K [0x0000000080000000, 0x000000008e480000, 0x00000000d5580000)
  object space 233984K, 99% used [0x0000000080000000,0x000000008e417f78,0x000000008e480000)
 Metaspace       used 84856K, committed 86720K, reserved 1179648K
  class space    used 9924K, committed 10752K, reserved 1048576K
}
Event: 116.880 GC heap after
{Heap after GC invocations=212 (full 3):
 PSYoungGen      total 14848K, used 1140K [0x00000000d5580000, 0x00000000d6580000, 0x0000000100000000)
  eden space 13312K, 0% used [0x00000000d5580000,0x00000000d5580000,0x00000000d6280000)
  from space 1536K, 74% used [0x00000000d6280000,0x00000000d639d200,0x00000000d6400000)
  to   space 1536K, 0% used [0x00000000d6400000,0x00000000d6400000,0x00000000d6580000)
 ParOldGen       total 235008K, used 234775K [0x0000000080000000, 0x000000008e580000, 0x00000000d5580000)
  object space 235008K, 99% used [0x0000000080000000,0x000000008e545c40,0x000000008e580000)
 Metaspace       used 84856K, committed 86720K, reserved 1179648K
  class space    used 9924K, committed 10752K, reserved 1048576K
}
Event: 117.530 GC heap before
{Heap before GC invocations=213 (full 3):
 PSYoungGen      total 14848K, used 14452K [0x00000000d5580000, 0x00000000d6580000, 0x0000000100000000)
  eden space 13312K, 100% used [0x00000000d5580000,0x00000000d6280000,0x00000000d6280000)
  from space 1536K, 74% used [0x00000000d6280000,0x00000000d639d200,0x00000000d6400000)
  to   space 1536K, 0% used [0x00000000d6400000,0x00000000d6400000,0x00000000d6580000)
 ParOldGen       total 235008K, used 234775K [0x0000000080000000, 0x000000008e580000, 0x00000000d5580000)
  object space 235008K, 99% used [0x0000000080000000,0x000000008e545c40,0x000000008e580000)
 Metaspace       used 84915K, committed 86784K, reserved 1179648K
  class space    used 9924K, committed 10752K, reserved 1048576K
}
Event: 117.534 GC heap after
{Heap after GC invocations=213 (full 3):
 PSYoungGen      total 14848K, used 1012K [0x00000000d5580000, 0x00000000d6580000, 0x0000000100000000)
  eden space 13312K, 0% used [0x00000000d5580000,0x00000000d5580000,0x00000000d6280000)
  from space 1536K, 65% used [0x00000000d6400000,0x00000000d64fd200,0x00000000d6580000)
  to   space 1536K, 0% used [0x00000000d6280000,0x00000000d6280000,0x00000000d6400000)
 ParOldGen       total 236032K, used 235816K [0x0000000080000000, 0x000000008e680000, 0x00000000d5580000)
  object space 236032K, 99% used [0x0000000080000000,0x000000008e64a038,0x000000008e680000)
 Metaspace       used 84915K, committed 86784K, reserved 1179648K
  class space    used 9924K, committed 10752K, reserved 1048576K
}
Event: 169.957 GC heap before
{Heap before GC invocations=214 (full 3):
 PSYoungGen      total 14848K, used 14324K [0x00000000d5580000, 0x00000000d6580000, 0x0000000100000000)
  eden space 13312K, 100% used [0x00000000d5580000,0x00000000d6280000,0x00000000d6280000)
  from space 1536K, 65% used [0x00000000d6400000,0x00000000d64fd200,0x00000000d6580000)
  to   space 1536K, 0% used [0x00000000d6280000,0x00000000d6280000,0x00000000d6400000)
 ParOldGen       total 236032K, used 235816K [0x0000000080000000, 0x000000008e680000, 0x00000000d5580000)
  object space 236032K, 99% used [0x0000000080000000,0x000000008e64a038,0x000000008e680000)
 Metaspace       used 85000K, committed 86848K, reserved 1179648K
  class space    used 9925K, committed 10752K, reserved 1048576K
}
Event: 169.960 GC heap after
{Heap after GC invocations=214 (full 3):
 PSYoungGen      total 14336K, used 912K [0x00000000d5580000, 0x00000000d6480000, 0x0000000100000000)
  eden space 13312K, 0% used [0x00000000d5580000,0x00000000d5580000,0x00000000d6280000)
  from space 1024K, 89% used [0x00000000d6280000,0x00000000d6364010,0x00000000d6380000)
  to   space 1024K, 0% used [0x00000000d6380000,0x00000000d6380000,0x00000000d6480000)
 ParOldGen       total 237056K, used 236731K [0x0000000080000000, 0x000000008e780000, 0x00000000d5580000)
  object space 237056K, 99% used [0x0000000080000000,0x000000008e72ef10,0x000000008e780000)
 Metaspace       used 85000K, committed 86848K, reserved 1179648K
  class space    used 9925K, committed 10752K, reserved 1048576K
}
Event: 170.867 GC heap before
{Heap before GC invocations=215 (full 3):
 PSYoungGen      total 14336K, used 14224K [0x00000000d5580000, 0x00000000d6480000, 0x0000000100000000)
  eden space 13312K, 100% used [0x00000000d5580000,0x00000000d6280000,0x00000000d6280000)
  from space 1024K, 89% used [0x00000000d6280000,0x00000000d6364010,0x00000000d6380000)
  to   space 1024K, 0% used [0x00000000d6380000,0x00000000d6380000,0x00000000d6480000)
 ParOldGen       total 237056K, used 236731K [0x0000000080000000, 0x000000008e780000, 0x00000000d5580000)
  object space 237056K, 99% used [0x0000000080000000,0x000000008e72ef10,0x000000008e780000)
 Metaspace       used 85173K, committed 86976K, reserved 1179648K
  class space    used 9951K, committed 10752K, reserved 1048576K
}
Event: 170.869 GC heap after
{Heap after GC invocations=215 (full 3):
 PSYoungGen      total 14336K, used 372K [0x00000000d5580000, 0x00000000d6480000, 0x0000000100000000)
  eden space 13312K, 0% used [0x00000000d5580000,0x00000000d5580000,0x00000000d6280000)
  from space 1024K, 36% used [0x00000000d6380000,0x00000000d63dd108,0x00000000d6480000)
  to   space 1024K, 0% used [0x00000000d6280000,0x00000000d6280000,0x00000000d6380000)
 ParOldGen       total 238080K, used 237622K [0x0000000080000000, 0x000000008e880000, 0x00000000d5580000)
  object space 238080K, 99% used [0x0000000080000000,0x000000008e80da90,0x000000008e880000)
 Metaspace       used 85173K, committed 86976K, reserved 1179648K
  class space    used 9951K, committed 10752K, reserved 1048576K
}
Event: 171.085 GC heap before
{Heap before GC invocations=216 (full 3):
 PSYoungGen      total 14336K, used 13684K [0x00000000d5580000, 0x00000000d6480000, 0x0000000100000000)
  eden space 13312K, 100% used [0x00000000d5580000,0x00000000d6280000,0x00000000d6280000)
  from space 1024K, 36% used [0x00000000d6380000,0x00000000d63dd108,0x00000000d6480000)
  to   space 1024K, 0% used [0x00000000d6280000,0x00000000d6280000,0x00000000d6380000)
 ParOldGen       total 238080K, used 237622K [0x0000000080000000, 0x000000008e880000, 0x00000000d5580000)
  object space 238080K, 99% used [0x0000000080000000,0x000000008e80da90,0x000000008e880000)
 Metaspace       used 86138K, committed 88000K, reserved 1179648K
  class space    used 10046K, committed 10880K, reserved 1048576K
}
Event: 171.087 GC heap after
{Heap after GC invocations=216 (full 3):
 PSYoungGen      total 14336K, used 337K [0x00000000d5580000, 0x00000000d6400000, 0x0000000100000000)
  eden space 13312K, 0% used [0x00000000d5580000,0x00000000d5580000,0x00000000d6280000)
  from space 1024K, 32% used [0x00000000d6280000,0x00000000d62d45d0,0x00000000d6380000)
  to   space 512K, 0% used [0x00000000d6380000,0x00000000d6380000,0x00000000d6400000)
 ParOldGen       total 238080K, used 237742K [0x0000000080000000, 0x000000008e880000, 0x00000000d5580000)
  object space 238080K, 99% used [0x0000000080000000,0x000000008e82ba90,0x000000008e880000)
 Metaspace       used 86138K, committed 88000K, reserved 1179648K
  class space    used 10046K, committed 10880K, reserved 1048576K
}
Event: 171.201 GC heap before
{Heap before GC invocations=217 (full 3):
 PSYoungGen      total 14336K, used 13649K [0x00000000d5580000, 0x00000000d6400000, 0x0000000100000000)
  eden space 13312K, 100% used [0x00000000d5580000,0x00000000d6280000,0x00000000d6280000)
  from space 1024K, 32% used [0x00000000d6280000,0x00000000d62d45d0,0x00000000d6380000)
  to   space 512K, 0% used [0x00000000d6380000,0x00000000d6380000,0x00000000d6400000)
 ParOldGen       total 238080K, used 237742K [0x0000000080000000, 0x000000008e880000, 0x00000000d5580000)
  object space 238080K, 99% used [0x0000000080000000,0x000000008e82ba90,0x000000008e880000)
 Metaspace       used 87500K, committed 89280K, reserved 1179648K
  class space    used 10287K, committed 11072K, reserved 1048576K
}
Event: 171.202 GC heap after
{Heap after GC invocations=217 (full 3):
 PSYoungGen      total 13824K, used 336K [0x00000000d5580000, 0x00000000d6400000, 0x0000000100000000)
  eden space 13312K, 0% used [0x00000000d5580000,0x00000000d5580000,0x00000000d6280000)
  from space 512K, 65% used [0x00000000d6380000,0x00000000d63d4010,0x00000000d6400000)
  to   space 512K, 0% used [0x00000000d6300000,0x00000000d6300000,0x00000000d6380000)
 ParOldGen       total 238080K, used 238005K [0x0000000080000000, 0x000000008e880000, 0x00000000d5580000)
  object space 238080K, 99% used [0x0000000080000000,0x000000008e86d678,0x000000008e880000)
 Metaspace       used 87500K, committed 89280K, reserved 1179648K
  class space    used 10287K, committed 11072K, reserved 1048576K
}

