# JRE version: OpenJDK Runtime Environment Temurin-21.0.7+6 (21.0.7+6) (build 21.0.7+6-LTS)
# Java VM: OpenJDK 64-Bit Server VM Temurin-21.0.7+6 (21.0.7+6-LTS, mixed mode, sharing, tiered, compressed oops, compressed class ptrs, parallel gc, windows-amd64)
GC Precious Log:
 CardTable entry size: 512
 CPUs: 6 total, 6 available
 Memory: 7549M
 Large Page Support: Disabled
 NUMA Support: Disabled
 Compressed Oops: Enabled (32-bit)
 Alignments: Space 512K, Generation 512K, Heap 2M
 Heap Min Capacity: 100M
 Heap Initial Capacity: 100M
 Heap Max Capacity: 1G
 Pre-touch: Disabled
 Parallel Workers: 6
Heap:
 PSYoungGen      total 7680K, used 7344K [0x00000000eab00000, 0x00000000eb400000, 0x0000000100000000)
  eden space 6656K, 100% used [0x00000000eab00000,0x00000000eb180000,0x00000000eb180000)
  from space 1024K, 67% used [0x00000000eb200000,0x00000000eb2ac010,0x00000000eb300000)
  to   space 1024K, 18% used [0x00000000eb300000,0x00000000eb330000,0x00000000eb400000)
 ParOldGen       total 647168K, used 647161K [0x00000000c0000000, 0x00000000e7800000, 0x00000000eab00000)
  object space 647168K, 99% used [0x00000000c0000000,0x00000000e77fe6d8,0x00000000e7800000)
 Metaspace       used 93609K, committed 95424K, reserved 1179648K
  class space    used 9080K, committed 9920K, reserved 1048576K
GC Heap History (20 events):
Event: 22229.443 GC heap before
{Heap before GC invocations=3895 (full 10):
 PSYoungGen      total 8704K, used 7427K [0x00000000eab00000, 0x00000000eb500000, 0x0000000100000000)
  eden space 6656K, 100% used [0x00000000eab00000,0x00000000eb180000,0x00000000eb180000)
  from space 2048K, 37% used [0x00000000eb300000,0x00000000eb3c0cd0,0x00000000eb500000)
  to   space 1536K, 0% used [0x00000000eb180000,0x00000000eb180000,0x00000000eb300000)
 ParOldGen       total 639488K, used 639202K [0x00000000c0000000, 0x00000000e7080000, 0x00000000eab00000)
  object space 639488K, 99% used [0x00000000c0000000,0x00000000e7038aa0,0x00000000e7080000)
 Metaspace       used 93585K, committed 95360K, reserved 1179648K
  class space    used 9079K, committed 9920K, reserved 1048576K
}
Event: 22229.446 GC heap after
{Heap after GC invocations=3895 (full 10):
 PSYoungGen      total 8192K, used 1530K [0x00000000eab00000, 0x00000000eb880000, 0x0000000100000000)
  eden space 6656K, 0% used [0x00000000eab00000,0x00000000eab00000,0x00000000eb180000)
  from space 1536K, 99% used [0x00000000eb180000,0x00000000eb2fe980,0x00000000eb300000)
  to   space 3584K, 0% used [0x00000000eb500000,0x00000000eb500000,0x00000000eb880000)
 ParOldGen       total 641024K, used 640669K [0x00000000c0000000, 0x00000000e7200000, 0x00000000eab00000)
  object space 641024K, 99% used [0x00000000c0000000,0x00000000e71a7718,0x00000000e7200000)
 Metaspace       used 93585K, committed 95360K, reserved 1179648K
  class space    used 9079K, committed 9920K, reserved 1048576K
}
Event: 22229.481 GC heap before
{Heap before GC invocations=3896 (full 10):
 PSYoungGen      total 8192K, used 8186K [0x00000000eab00000, 0x00000000eb880000, 0x0000000100000000)
  eden space 6656K, 100% used [0x00000000eab00000,0x00000000eb180000,0x00000000eb180000)
  from space 1536K, 99% used [0x00000000eb180000,0x00000000eb2fe980,0x00000000eb300000)
  to   space 3584K, 0% used [0x00000000eb500000,0x00000000eb500000,0x00000000eb880000)
 ParOldGen       total 641024K, used 640669K [0x00000000c0000000, 0x00000000e7200000, 0x00000000eab00000)
  object space 641024K, 99% used [0x00000000c0000000,0x00000000e71a7718,0x00000000e7200000)
 Metaspace       used 93585K, committed 95360K, reserved 1179648K
  class space    used 9079K, committed 9920K, reserved 1048576K
}
Event: 22229.486 GC heap after
{Heap after GC invocations=3896 (full 10):
 PSYoungGen      total 8192K, used 1467K [0x00000000eab00000, 0x00000000eb680000, 0x0000000100000000)
  eden space 6656K, 0% used [0x00000000eab00000,0x00000000eab00000,0x00000000eb180000)
  from space 1536K, 95% used [0x00000000eb500000,0x00000000eb66ef38,0x00000000eb680000)
  to   space 2048K, 0% used [0x00000000eb280000,0x00000000eb280000,0x00000000eb480000)
 ParOldGen       total 642560K, used 642196K [0x00000000c0000000, 0x00000000e7380000, 0x00000000eab00000)
  object space 642560K, 99% used [0x00000000c0000000,0x00000000e73253b8,0x00000000e7380000)
 Metaspace       used 93585K, committed 95360K, reserved 1179648K
  class space    used 9079K, committed 9920K, reserved 1048576K
}
Event: 22229.871 GC heap before
{Heap before GC invocations=3897 (full 10):
 PSYoungGen      total 8192K, used 8123K [0x00000000eab00000, 0x00000000eb680000, 0x0000000100000000)
  eden space 6656K, 99% used [0x00000000eab00000,0x00000000eb17ffd8,0x00000000eb180000)
  from space 1536K, 95% used [0x00000000eb500000,0x00000000eb66ef38,0x00000000eb680000)
  to   space 2048K, 0% used [0x00000000eb280000,0x00000000eb280000,0x00000000eb480000)
 ParOldGen       total 642560K, used 642196K [0x00000000c0000000, 0x00000000e7380000, 0x00000000eab00000)
  object space 642560K, 99% used [0x00000000c0000000,0x00000000e73253b8,0x00000000e7380000)
 Metaspace       used 93585K, committed 95360K, reserved 1179648K
  class space    used 9079K, committed 9920K, reserved 1048576K
}
Event: 22229.897 GC heap after
{Heap after GC invocations=3897 (full 10):
 PSYoungGen      total 7680K, used 736K [0x00000000eab00000, 0x00000000eb580000, 0x0000000100000000)
  eden space 6656K, 0% used [0x00000000eab00000,0x00000000eab00000,0x00000000eb180000)
  from space 1024K, 71% used [0x00000000eb280000,0x00000000eb338020,0x00000000eb380000)
  to   space 1536K, 0% used [0x00000000eb400000,0x00000000eb400000,0x00000000eb580000)
 ParOldGen       total 643584K, used 643238K [0x00000000c0000000, 0x00000000e7480000, 0x00000000eab00000)
  object space 643584K, 99% used [0x00000000c0000000,0x00000000e7429990,0x00000000e7480000)
 Metaspace       used 93585K, committed 95360K, reserved 1179648K
  class space    used 9079K, committed 9920K, reserved 1048576K
}
Event: 22230.267 GC heap before
{Heap before GC invocations=3898 (full 10):
 PSYoungGen      total 7680K, used 7391K [0x00000000eab00000, 0x00000000eb580000, 0x0000000100000000)
  eden space 6656K, 99% used [0x00000000eab00000,0x00000000eb17ffd8,0x00000000eb180000)
  from space 1024K, 71% used [0x00000000eb280000,0x00000000eb338020,0x00000000eb380000)
  to   space 1536K, 0% used [0x00000000eb400000,0x00000000eb400000,0x00000000eb580000)
 ParOldGen       total 643584K, used 643238K [0x00000000c0000000, 0x00000000e7480000, 0x00000000eab00000)
  object space 643584K, 99% used [0x00000000c0000000,0x00000000e7429990,0x00000000e7480000)
 Metaspace       used 93586K, committed 95360K, reserved 1179648K
  class space    used 9079K, committed 9920K, reserved 1048576K
}
Event: 22230.270 GC heap after
{Heap after GC invocations=3898 (full 10):
 PSYoungGen      total 7168K, used 153K [0x00000000eab00000, 0x00000000eb480000, 0x0000000100000000)
  eden space 6656K, 0% used [0x00000000eab00000,0x00000000eab00000,0x00000000eb180000)
  from space 512K, 29% used [0x00000000eb400000,0x00000000eb426420,0x00000000eb480000)
  to   space 512K, 0% used [0x00000000eb380000,0x00000000eb380000,0x00000000eb400000)
 ParOldGen       total 644096K, used 643853K [0x00000000c0000000, 0x00000000e7500000, 0x00000000eab00000)
  object space 644096K, 99% used [0x00000000c0000000,0x00000000e74c34d8,0x00000000e7500000)
 Metaspace       used 93586K, committed 95360K, reserved 1179648K
  class space    used 9079K, committed 9920K, reserved 1048576K
}
Event: 22233.177 GC heap before
{Heap before GC invocations=3899 (full 10):
 PSYoungGen      total 7168K, used 6809K [0x00000000eab00000, 0x00000000eb480000, 0x0000000100000000)
  eden space 6656K, 100% used [0x00000000eab00000,0x00000000eb180000,0x00000000eb180000)
  from space 512K, 29% used [0x00000000eb400000,0x00000000eb426420,0x00000000eb480000)
  to   space 512K, 0% used [0x00000000eb380000,0x00000000eb380000,0x00000000eb400000)
 ParOldGen       total 644096K, used 643853K [0x00000000c0000000, 0x00000000e7500000, 0x00000000eab00000)
  object space 644096K, 99% used [0x00000000c0000000,0x00000000e74c34d8,0x00000000e7500000)
 Metaspace       used 93586K, committed 95360K, reserved 1179648K
  class space    used 9079K, committed 9920K, reserved 1048576K
}
Event: 22233.180 GC heap after
{Heap after GC invocations=3899 (full 10):
 PSYoungGen      total 7168K, used 500K [0x00000000eab00000, 0x00000000eb480000, 0x0000000100000000)
  eden space 6656K, 0% used [0x00000000eab00000,0x00000000eab00000,0x00000000eb180000)
  from space 512K, 97% used [0x00000000eb380000,0x00000000eb3fd200,0x00000000eb400000)
  to   space 512K, 0% used [0x00000000eb400000,0x00000000eb400000,0x00000000eb480000)
 ParOldGen       total 644096K, used 643954K [0x00000000c0000000, 0x00000000e7500000, 0x00000000eab00000)
  object space 644096K, 99% used [0x00000000c0000000,0x00000000e74dcb10,0x00000000e7500000)
 Metaspace       used 93586K, committed 95360K, reserved 1179648K
  class space    used 9079K, committed 9920K, reserved 1048576K
}
Event: 22233.205 GC heap before
{Heap before GC invocations=3900 (full 10):
 PSYoungGen      total 7168K, used 7156K [0x00000000eab00000, 0x00000000eb480000, 0x0000000100000000)
  eden space 6656K, 100% used [0x00000000eab00000,0x00000000eb180000,0x00000000eb180000)
  from space 512K, 97% used [0x00000000eb380000,0x00000000eb3fd200,0x00000000eb400000)
  to   space 512K, 0% used [0x00000000eb400000,0x00000000eb400000,0x00000000eb480000)
 ParOldGen       total 644096K, used 643954K [0x00000000c0000000, 0x00000000e7500000, 0x00000000eab00000)
  object space 644096K, 99% used [0x00000000c0000000,0x00000000e74dcb10,0x00000000e7500000)
 Metaspace       used 93586K, committed 95360K, reserved 1179648K
  class space    used 9079K, committed 9920K, reserved 1048576K
}
Event: 22233.208 GC heap after
{Heap after GC invocations=3900 (full 10):
 PSYoungGen      total 7168K, used 512K [0x00000000eab00000, 0x00000000eb480000, 0x0000000100000000)
  eden space 6656K, 0% used [0x00000000eab00000,0x00000000eab00000,0x00000000eb180000)
  from space 512K, 100% used [0x00000000eb400000,0x00000000eb480000,0x00000000eb480000)
  to   space 1536K, 0% used [0x00000000eb180000,0x00000000eb180000,0x00000000eb300000)
 ParOldGen       total 644608K, used 644403K [0x00000000c0000000, 0x00000000e7580000, 0x00000000eab00000)
  object space 644608K, 99% used [0x00000000c0000000,0x00000000e754cef8,0x00000000e7580000)
 Metaspace       used 93586K, committed 95360K, reserved 1179648K
  class space    used 9079K, committed 9920K, reserved 1048576K
}
Event: 22233.447 GC heap before
{Heap before GC invocations=3901 (full 10):
 PSYoungGen      total 7168K, used 7168K [0x00000000eab00000, 0x00000000eb480000, 0x0000000100000000)
  eden space 6656K, 100% used [0x00000000eab00000,0x00000000eb180000,0x00000000eb180000)
  from space 512K, 100% used [0x00000000eb400000,0x00000000eb480000,0x00000000eb480000)
  to   space 1536K, 0% used [0x00000000eb180000,0x00000000eb180000,0x00000000eb300000)
 ParOldGen       total 644608K, used 644403K [0x00000000c0000000, 0x00000000e7580000, 0x00000000eab00000)
  object space 644608K, 99% used [0x00000000c0000000,0x00000000e754cef8,0x00000000e7580000)
 Metaspace       used 93586K, committed 95360K, reserved 1179648K
  class space    used 9079K, committed 9920K, reserved 1048576K
}
Event: 22233.450 GC heap after
{Heap after GC invocations=3901 (full 10):
 PSYoungGen      total 8192K, used 757K [0x00000000eab00000, 0x00000000eb480000, 0x0000000100000000)
  eden space 6656K, 0% used [0x00000000eab00000,0x00000000eab00000,0x00000000eb180000)
  from space 1536K, 49% used [0x00000000eb180000,0x00000000eb23d638,0x00000000eb300000)
  to   space 1024K, 0% used [0x00000000eb380000,0x00000000eb380000,0x00000000eb480000)
 ParOldGen       total 645120K, used 644880K [0x00000000c0000000, 0x00000000e7600000, 0x00000000eab00000)
  object space 645120K, 99% used [0x00000000c0000000,0x00000000e75c4100,0x00000000e7600000)
 Metaspace       used 93586K, committed 95360K, reserved 1179648K
  class space    used 9079K, committed 9920K, reserved 1048576K
}
Event: 22233.463 GC heap before
{Heap before GC invocations=3902 (full 10):
 PSYoungGen      total 8192K, used 7413K [0x00000000eab00000, 0x00000000eb480000, 0x0000000100000000)
  eden space 6656K, 100% used [0x00000000eab00000,0x00000000eb180000,0x00000000eb180000)
  from space 1536K, 49% used [0x00000000eb180000,0x00000000eb23d638,0x00000000eb300000)
  to   space 1024K, 0% used [0x00000000eb380000,0x00000000eb380000,0x00000000eb480000)
 ParOldGen       total 645120K, used 644880K [0x00000000c0000000, 0x00000000e7600000, 0x00000000eab00000)
  object space 645120K, 99% used [0x00000000c0000000,0x00000000e75c4100,0x00000000e7600000)
 Metaspace       used 93586K, committed 95360K, reserved 1179648K
  class space    used 9079K, committed 9920K, reserved 1048576K
}
Event: 22233.465 GC heap after
{Heap after GC invocations=3902 (full 10):
 PSYoungGen      total 7680K, used 608K [0x00000000eab00000, 0x00000000eb480000, 0x0000000100000000)
  eden space 6656K, 0% used [0x00000000eab00000,0x00000000eab00000,0x00000000eb180000)
  from space 1024K, 59% used [0x00000000eb380000,0x00000000eb418000,0x00000000eb480000)
  to   space 1024K, 0% used [0x00000000eb280000,0x00000000eb280000,0x00000000eb380000)
 ParOldGen       total 645632K, used 645548K [0x00000000c0000000, 0x00000000e7680000, 0x00000000eab00000)
  object space 645632K, 99% used [0x00000000c0000000,0x00000000e766b250,0x00000000e7680000)
 Metaspace       used 93586K, committed 95360K, reserved 1179648K
  class space    used 9079K, committed 9920K, reserved 1048576K
}
Event: 22239.221 GC heap before
{Heap before GC invocations=3903 (full 10):
 PSYoungGen      total 7680K, used 7264K [0x00000000eab00000, 0x00000000eb480000, 0x0000000100000000)
  eden space 6656K, 100% used [0x00000000eab00000,0x00000000eb180000,0x00000000eb180000)
  from space 1024K, 59% used [0x00000000eb380000,0x00000000eb418000,0x00000000eb480000)
  to   space 1024K, 0% used [0x00000000eb280000,0x00000000eb280000,0x00000000eb380000)
 ParOldGen       total 645632K, used 645548K [0x00000000c0000000, 0x00000000e7680000, 0x00000000eab00000)
  object space 645632K, 99% used [0x00000000c0000000,0x00000000e766b250,0x00000000e7680000)
 Metaspace       used 93608K, committed 95424K, reserved 1179648K
  class space    used 9080K, committed 9920K, reserved 1048576K
}
Event: 22239.223 GC heap after
{Heap after GC invocations=3903 (full 10):
 PSYoungGen      total 7680K, used 538K [0x00000000eab00000, 0x00000000eb400000, 0x0000000100000000)
  eden space 6656K, 0% used [0x00000000eab00000,0x00000000eab00000,0x00000000eb180000)
  from space 1024K, 52% used [0x00000000eb280000,0x00000000eb306900,0x00000000eb380000)
  to   space 512K, 0% used [0x00000000eb380000,0x00000000eb380000,0x00000000eb400000)
 ParOldGen       total 646144K, used 646020K [0x00000000c0000000, 0x00000000e7700000, 0x00000000eab00000)
  object space 646144K, 99% used [0x00000000c0000000,0x00000000e76e1290,0x00000000e7700000)
 Metaspace       used 93608K, committed 95424K, reserved 1179648K
  class space    used 9080K, committed 9920K, reserved 1048576K
}
Event: 22249.533 GC heap before
{Heap before GC invocations=3904 (full 10):
 PSYoungGen      total 7680K, used 7194K [0x00000000eab00000, 0x00000000eb400000, 0x0000000100000000)
  eden space 6656K, 100% used [0x00000000eab00000,0x00000000eb180000,0x00000000eb180000)
  from space 1024K, 52% used [0x00000000eb280000,0x00000000eb306900,0x00000000eb380000)
  to   space 512K, 0% used [0x00000000eb380000,0x00000000eb380000,0x00000000eb400000)
 ParOldGen       total 646144K, used 646020K [0x00000000c0000000, 0x00000000e7700000, 0x00000000eab00000)
  object space 646144K, 99% used [0x00000000c0000000,0x00000000e76e1290,0x00000000e7700000)
 Metaspace       used 93609K, committed 95424K, reserved 1179648K
  class space    used 9080K, committed 9920K, reserved 1048576K
}
Event: 22250.234 GC heap after
{Heap after GC invocations=3904 (full 10):
 PSYoungGen      total 7168K, used 500K [0x00000000eab00000, 0x00000000eb400000, 0x0000000100000000)
  eden space 6656K, 0% used [0x00000000eab00000,0x00000000eab00000,0x00000000eb180000)
  from space 512K, 97% used [0x00000000eb380000,0x00000000eb3fd200,0x00000000eb400000)
  to   space 1024K, 0% used [0x00000000eb200000,0x00000000eb200000,0x00000000eb300000)
 ParOldGen       total 646656K, used 646412K [0x00000000c0000000, 0x00000000e7780000, 0x00000000eab00000)
  object space 646656K, 99% used [0x00000000c0000000,0x00000000e77432d0,0x00000000e7780000)
 Metaspace       used 93609K, committed 95424K, reserved 1179648K
  class space    used 9080K, committed 9920K, reserved 1048576K
}

